[0.844s] DEBUG:colcon:Command line arguments: ['/usr/bin/colcon', 'build']
[0.844s] DEBUG:colcon:Parsed command line arguments: Namespace(log_base=None, log_level=None, verb_name='build', build_base='build', install_base='install', merge_install=False, symlink_install=False, test_result_base=None, continue_on_error=False, executor='parallel', parallel_workers=6, event_handlers=None, ignore_user_meta=False, metas=['./colcon.meta'], base_paths=['.'], packages_ignore=None, packages_ignore_regex=None, paths=None, packages_up_to=None, packages_up_to_regex=None, packages_above=None, packages_above_and_dependencies=None, packages_above_depth=None, packages_select_by_dep=None, packages_skip_by_dep=None, packages_skip_up_to=None, packages_select_build_failed=False, packages_skip_build_finished=False, packages_select_test_failures=False, packages_skip_test_passed=False, packages_select=None, packages_skip=None, packages_select_regex=None, packages_skip_regex=None, packages_start=None, packages_end=None, allow_overriding=[], cmake_args=None, cmake_target=None, cmake_target_skip_unavailable=False, cmake_clean_cache=False, cmake_clean_first=False, cmake_force_configure=False, ament_cmake_args=None, catkin_cmake_args=None, catkin_skip_building_tests=False, verb_parser=<colcon_defaults.argument_parser.defaults.DefaultArgumentsDecorator object at 0x716c66aabd30>, verb_extension=<colcon_core.verb.build.BuildVerb object at 0x716c66f12bf0>, main=<bound method BuildVerb.main of <colcon_core.verb.build.BuildVerb object at 0x716c66f12bf0>>)
[0.881s] Level 1:colcon.colcon_core.package_discovery:discover_packages(colcon_meta) check parameters
[0.881s] Level 1:colcon.colcon_core.package_discovery:discover_packages(recursive) check parameters
[0.881s] Level 1:colcon.colcon_core.package_discovery:discover_packages(ignore) check parameters
[0.881s] Level 1:colcon.colcon_core.package_discovery:discover_packages(path) check parameters
[0.881s] Level 1:colcon.colcon_core.package_discovery:discover_packages(colcon_meta) discover
[0.881s] Level 1:colcon.colcon_core.package_discovery:discover_packages(recursive) discover
[0.881s] INFO:colcon.colcon_core.package_discovery:Crawling recursively for packages in '/home/yahboom/usb'
[0.881s] Level 1:colcon.colcon_core.package_identification:_identify(.) by extensions ['ignore', 'ignore_ament_install']
[0.881s] Level 1:colcon.colcon_core.package_identification:_identify(.) by extension 'ignore'
[0.881s] Level 1:colcon.colcon_core.package_identification:_identify(.) by extension 'ignore_ament_install'
[0.882s] Level 1:colcon.colcon_core.package_identification:_identify(.) by extensions ['colcon_pkg']
[0.882s] Level 1:colcon.colcon_core.package_identification:_identify(.) by extension 'colcon_pkg'
[0.882s] Level 1:colcon.colcon_core.package_identification:_identify(.) by extensions ['colcon_meta']
[0.882s] Level 1:colcon.colcon_core.package_identification:_identify(.) by extension 'colcon_meta'
[0.882s] Level 1:colcon.colcon_core.package_identification:_identify(.) by extensions ['ros']
[0.882s] Level 1:colcon.colcon_core.package_identification:_identify(.) by extension 'ros'
[0.906s] DEBUG:colcon.colcon_core.package_identification:Package '.' with type 'ros.ament_cmake' and name 'usb_cam'
[0.906s] Level 1:colcon.colcon_core.package_discovery:discover_packages(recursive) using defaults
[0.906s] Level 1:colcon.colcon_core.package_discovery:discover_packages(ignore) discover
[0.906s] Level 1:colcon.colcon_core.package_discovery:discover_packages(ignore) using defaults
[0.906s] Level 1:colcon.colcon_core.package_discovery:discover_packages(path) discover
[0.906s] Level 1:colcon.colcon_core.package_discovery:discover_packages(path) using defaults
[0.988s] Level 1:colcon.colcon_core.package_discovery:discover_packages(prefix_path) check parameters
[0.988s] Level 1:colcon.colcon_core.package_discovery:discover_packages(prefix_path) discover
[1.010s] DEBUG:colcon.colcon_installed_package_information.package_discovery:Found 1 installed packages in /home/yahboom/usb/install
[1.023s] DEBUG:colcon.colcon_installed_package_information.package_discovery:Found 4 installed packages in /home/yahboom/ros2_ws/install
[1.035s] DEBUG:colcon.colcon_installed_package_information.package_discovery:Found 2 installed packages in /home/yahboom/camera_ws/install
[1.048s] DEBUG:colcon.colcon_installed_package_information.package_discovery:Found 454 installed packages in /opt/ros/humble
[1.050s] Level 1:colcon.colcon_core.package_discovery:discover_packages(prefix_path) using defaults
[1.129s] Level 5:colcon.colcon_core.verb:set package 'usb_cam' build argument 'cmake_args' from command line to 'None'
[1.129s] Level 5:colcon.colcon_core.verb:set package 'usb_cam' build argument 'cmake_target' from command line to 'None'
[1.129s] Level 5:colcon.colcon_core.verb:set package 'usb_cam' build argument 'cmake_target_skip_unavailable' from command line to 'False'
[1.130s] Level 5:colcon.colcon_core.verb:set package 'usb_cam' build argument 'cmake_clean_cache' from command line to 'False'
[1.130s] Level 5:colcon.colcon_core.verb:set package 'usb_cam' build argument 'cmake_clean_first' from command line to 'False'
[1.130s] Level 5:colcon.colcon_core.verb:set package 'usb_cam' build argument 'cmake_force_configure' from command line to 'False'
[1.130s] Level 5:colcon.colcon_core.verb:set package 'usb_cam' build argument 'ament_cmake_args' from command line to 'None'
[1.130s] Level 5:colcon.colcon_core.verb:set package 'usb_cam' build argument 'catkin_cmake_args' from command line to 'None'
[1.130s] Level 5:colcon.colcon_core.verb:set package 'usb_cam' build argument 'catkin_skip_building_tests' from command line to 'False'
[1.130s] DEBUG:colcon.colcon_core.verb:Building package 'usb_cam' with the following arguments: {'ament_cmake_args': None, 'build_base': '/home/yahboom/usb/build/usb_cam', 'catkin_cmake_args': None, 'catkin_skip_building_tests': False, 'cmake_args': None, 'cmake_clean_cache': False, 'cmake_clean_first': False, 'cmake_force_configure': False, 'cmake_target': None, 'cmake_target_skip_unavailable': False, 'install_base': '/home/yahboom/usb/install/usb_cam', 'merge_install': False, 'path': '/home/yahboom/usb', 'symlink_install': False, 'test_result_base': None}
[1.142s] INFO:colcon.colcon_core.executor:Executing jobs using 'parallel' executor
[1.157s] DEBUG:colcon.colcon_parallel_executor.executor.parallel:run_until_complete
[1.158s] INFO:colcon.colcon_ros.task.ament_cmake.build:Building ROS package in '/home/yahboom/usb' with build type 'ament_cmake'
[1.158s] INFO:colcon.colcon_cmake.task.cmake.build:Building CMake package in '/home/yahboom/usb'
[1.171s] INFO:colcon.colcon_core.plugin_system:Skipping extension 'colcon_core.shell.bat': Not used on non-Windows systems
[1.171s] INFO:colcon.colcon_core.shell:Skip shell extension 'powershell' for command environment: Not usable outside of PowerShell
[1.171s] DEBUG:colcon.colcon_core.shell:Skip shell extension 'dsv' for command environment
[1.255s] DEBUG:colcon.colcon_core.event_handler.log_command:Invoking command in '/home/yahboom/usb/build/usb_cam': CMAKE_PREFIX_PATH=${CMAKE_PREFIX_PATH}:/home/yahboom/ros2_ws/install/camera:/home/yahboom/camera_ws/install/stereo_camera_pkg_py:/opt/ros/humble /usr/bin/cmake --build /home/yahboom/usb/build/usb_cam -- -j6 -l6
[3.695s] DEBUG:colcon.colcon_core.event_handler.log_command:Invoked command in '/home/yahboom/usb/build/usb_cam' returned '0': CMAKE_PREFIX_PATH=${CMAKE_PREFIX_PATH}:/home/yahboom/ros2_ws/install/camera:/home/yahboom/camera_ws/install/stereo_camera_pkg_py:/opt/ros/humble /usr/bin/cmake --build /home/yahboom/usb/build/usb_cam -- -j6 -l6
[3.781s] DEBUG:colcon.colcon_core.event_handler.log_command:Invoking command in '/home/yahboom/usb/build/usb_cam': CMAKE_PREFIX_PATH=${CMAKE_PREFIX_PATH}:/home/yahboom/ros2_ws/install/camera:/home/yahboom/camera_ws/install/stereo_camera_pkg_py:/opt/ros/humble /usr/bin/cmake --install /home/yahboom/usb/build/usb_cam
[3.805s] Level 1:colcon.colcon_core.environment:create_environment_scripts_only(usb_cam)
[3.806s] DEBUG:colcon.colcon_core.event_handler.log_command:Invoked command in '/home/yahboom/usb/build/usb_cam' returned '0': CMAKE_PREFIX_PATH=${CMAKE_PREFIX_PATH}:/home/yahboom/ros2_ws/install/camera:/home/yahboom/camera_ws/install/stereo_camera_pkg_py:/opt/ros/humble /usr/bin/cmake --install /home/yahboom/usb/build/usb_cam
[3.819s] Level 1:colcon.colcon_core.environment:checking '/home/yahboom/usb/install/usb_cam' for CMake module files
[3.820s] Level 1:colcon.colcon_core.environment:checking '/home/yahboom/usb/install/usb_cam' for CMake config files
[3.820s] Level 1:colcon.colcon_core.shell:create_environment_hook('usb_cam', 'cmake_prefix_path')
[3.832s] INFO:colcon.colcon_core.shell:Creating environment hook '/home/yahboom/usb/install/usb_cam/share/usb_cam/hook/cmake_prefix_path.ps1'
[3.832s] INFO:colcon.colcon_core.shell:Creating environment descriptor '/home/yahboom/usb/install/usb_cam/share/usb_cam/hook/cmake_prefix_path.dsv'
[3.833s] INFO:colcon.colcon_core.shell:Creating environment hook '/home/yahboom/usb/install/usb_cam/share/usb_cam/hook/cmake_prefix_path.sh'
[3.834s] Level 1:colcon.colcon_core.environment:checking '/home/yahboom/usb/install/usb_cam/lib'
[3.834s] Level 1:colcon.colcon_core.shell:create_environment_hook('usb_cam', 'ld_library_path_lib')
[3.847s] INFO:colcon.colcon_core.shell:Creating environment hook '/home/yahboom/usb/install/usb_cam/share/usb_cam/hook/ld_library_path_lib.ps1'
[3.848s] INFO:colcon.colcon_core.shell:Creating environment descriptor '/home/yahboom/usb/install/usb_cam/share/usb_cam/hook/ld_library_path_lib.dsv'
[3.848s] INFO:colcon.colcon_core.shell:Creating environment hook '/home/yahboom/usb/install/usb_cam/share/usb_cam/hook/ld_library_path_lib.sh'
[3.849s] Level 1:colcon.colcon_core.environment:checking '/home/yahboom/usb/install/usb_cam/bin'
[3.849s] Level 1:colcon.colcon_core.environment:checking '/home/yahboom/usb/install/usb_cam/lib/pkgconfig/usb_cam.pc'
[3.849s] Level 1:colcon.colcon_core.environment:checking '/home/yahboom/usb/install/usb_cam/lib/python3.10/site-packages'
[3.849s] Level 1:colcon.colcon_core.environment:checking '/home/yahboom/usb/install/usb_cam/bin'
[3.862s] INFO:colcon.colcon_core.shell:Creating package script '/home/yahboom/usb/install/usb_cam/share/usb_cam/package.ps1'
[3.863s] INFO:colcon.colcon_core.shell:Creating package descriptor '/home/yahboom/usb/install/usb_cam/share/usb_cam/package.dsv'
[3.863s] INFO:colcon.colcon_core.shell:Creating package script '/home/yahboom/usb/install/usb_cam/share/usb_cam/package.sh'
[3.864s] INFO:colcon.colcon_core.shell:Creating package script '/home/yahboom/usb/install/usb_cam/share/usb_cam/package.bash'
[3.864s] INFO:colcon.colcon_core.shell:Creating package script '/home/yahboom/usb/install/usb_cam/share/usb_cam/package.zsh'
[3.865s] Level 1:colcon.colcon_core.environment:create_file_with_runtime_dependencies(/home/yahboom/usb/install/usb_cam/share/colcon-core/packages/usb_cam)
[3.953s] Level 1:colcon.colcon_core.environment:create_environment_scripts_only(usb_cam)
[3.965s] Level 1:colcon.colcon_core.environment:checking '/home/yahboom/usb/install/usb_cam' for CMake module files
[3.966s] Level 1:colcon.colcon_core.environment:checking '/home/yahboom/usb/install/usb_cam' for CMake config files
[3.966s] Level 1:colcon.colcon_core.shell:create_environment_hook('usb_cam', 'cmake_prefix_path')
[3.978s] INFO:colcon.colcon_core.shell:Creating environment hook '/home/yahboom/usb/install/usb_cam/share/usb_cam/hook/cmake_prefix_path.ps1'
[3.979s] INFO:colcon.colcon_core.shell:Creating environment descriptor '/home/yahboom/usb/install/usb_cam/share/usb_cam/hook/cmake_prefix_path.dsv'
[3.979s] INFO:colcon.colcon_core.shell:Creating environment hook '/home/yahboom/usb/install/usb_cam/share/usb_cam/hook/cmake_prefix_path.sh'
[3.980s] Level 1:colcon.colcon_core.environment:checking '/home/yahboom/usb/install/usb_cam/lib'
[3.980s] Level 1:colcon.colcon_core.shell:create_environment_hook('usb_cam', 'ld_library_path_lib')
[3.992s] INFO:colcon.colcon_core.shell:Creating environment hook '/home/yahboom/usb/install/usb_cam/share/usb_cam/hook/ld_library_path_lib.ps1'
[3.992s] INFO:colcon.colcon_core.shell:Creating environment descriptor '/home/yahboom/usb/install/usb_cam/share/usb_cam/hook/ld_library_path_lib.dsv'
[3.993s] INFO:colcon.colcon_core.shell:Creating environment hook '/home/yahboom/usb/install/usb_cam/share/usb_cam/hook/ld_library_path_lib.sh'
[3.993s] Level 1:colcon.colcon_core.environment:checking '/home/yahboom/usb/install/usb_cam/bin'
[3.993s] Level 1:colcon.colcon_core.environment:checking '/home/yahboom/usb/install/usb_cam/lib/pkgconfig/usb_cam.pc'
[3.994s] Level 1:colcon.colcon_core.environment:checking '/home/yahboom/usb/install/usb_cam/lib/python3.10/site-packages'
[3.994s] Level 1:colcon.colcon_core.environment:checking '/home/yahboom/usb/install/usb_cam/bin'
[4.005s] INFO:colcon.colcon_core.shell:Creating package script '/home/yahboom/usb/install/usb_cam/share/usb_cam/package.ps1'
[4.006s] INFO:colcon.colcon_core.shell:Creating package descriptor '/home/yahboom/usb/install/usb_cam/share/usb_cam/package.dsv'
[4.006s] INFO:colcon.colcon_core.shell:Creating package script '/home/yahboom/usb/install/usb_cam/share/usb_cam/package.sh'
[4.006s] INFO:colcon.colcon_core.shell:Creating package script '/home/yahboom/usb/install/usb_cam/share/usb_cam/package.bash'
[4.007s] INFO:colcon.colcon_core.shell:Creating package script '/home/yahboom/usb/install/usb_cam/share/usb_cam/package.zsh'
[4.008s] Level 1:colcon.colcon_core.environment:create_file_with_runtime_dependencies(/home/yahboom/usb/install/usb_cam/share/colcon-core/packages/usb_cam)
[4.008s] DEBUG:colcon.colcon_parallel_executor.executor.parallel:closing loop
[4.008s] DEBUG:colcon.colcon_parallel_executor.executor.parallel:loop closed
[4.009s] DEBUG:colcon.colcon_parallel_executor.executor.parallel:run_until_complete finished with '0'
[4.009s] DEBUG:colcon.colcon_core.event_reactor:joining thread
[4.027s] INFO:colcon.colcon_core.plugin_system:Skipping extension 'colcon_notification.desktop_notification.terminal_notifier': Not used on non-Darwin systems
[4.027s] INFO:colcon.colcon_core.plugin_system:Skipping extension 'colcon_notification.desktop_notification.win32': Not used on non-Windows systems
[4.027s] INFO:colcon.colcon_notification.desktop_notification:Sending desktop notification using 'notify2'
[4.044s] DEBUG:colcon.colcon_core.event_reactor:joined thread
[4.059s] INFO:colcon.colcon_core.shell:Creating prefix script '/home/yahboom/usb/install/local_setup.ps1'
[4.060s] INFO:colcon.colcon_core.shell:Creating prefix util module '/home/yahboom/usb/install/_local_setup_util_ps1.py'
[4.061s] INFO:colcon.colcon_core.shell:Creating prefix chain script '/home/yahboom/usb/install/setup.ps1'
[4.074s] INFO:colcon.colcon_core.shell:Creating prefix script '/home/yahboom/usb/install/local_setup.sh'
[4.074s] INFO:colcon.colcon_core.shell:Creating prefix util module '/home/yahboom/usb/install/_local_setup_util_sh.py'
[4.075s] INFO:colcon.colcon_core.shell:Creating prefix chain script '/home/yahboom/usb/install/setup.sh'
[4.088s] INFO:colcon.colcon_core.shell:Creating prefix script '/home/yahboom/usb/install/local_setup.bash'
[4.088s] INFO:colcon.colcon_core.shell:Creating prefix chain script '/home/yahboom/usb/install/setup.bash'
[4.101s] INFO:colcon.colcon_core.shell:Creating prefix script '/home/yahboom/usb/install/local_setup.zsh'
[4.102s] INFO:colcon.colcon_core.shell:Creating prefix chain script '/home/yahboom/usb/install/setup.zsh'
