[30.022s] Invoking command in '/home/yahboom/usb/build/usb_cam': CMAKE_PREFIX_PATH=${CMAKE_PREFIX_PATH}:/home/yahboom/camera_ws/install/stereo_camera_pkg_py:/opt/ros/humble /usr/bin/cmake --build /home/yahboom/usb/build/usb_cam -- -j6 -l6
[30.100s] [ 14%] Built target usb_cam_node_exe
[30.100s] [ 21%] Building CXX object CMakeFiles/usb_cam.dir/src/usb_cam.cpp.o
[30.100s] [ 35%] Built target gtest_main
[30.100s] [ 50%] Built target gtest
[31.769s] [ 57%] Linking CXX shared library libusb_cam.so
[31.965s] [ 57%] Built target usb_cam
[31.996s] [ 71%] Linking CXX executable test_usb_cam_utils
[31.996s] [ 71%] Linking CXX executable test_pixel_formats
[31.998s] [ 78%] Building CXX object CMakeFiles/usb_cam_node.dir/src/usb_cam_node.cpp.o
[32.382s] [ 85%] Built target test_usb_cam_utils
[32.412s] [ 92%] Built target test_pixel_formats
[41.600s] [100%] Linking CXX shared library libusb_cam_node.so
[42.002s] [100%] Built target usb_cam_node
[42.027s] Invoked command in '/home/yahboom/usb/build/usb_cam' returned '0': CMAKE_PREFIX_PATH=${CMAKE_PREFIX_PATH}:/home/yahboom/camera_ws/install/stereo_camera_pkg_py:/opt/ros/humble /usr/bin/cmake --build /home/yahboom/usb/build/usb_cam -- -j6 -l6
[42.127s] Invoking command in '/home/yahboom/usb/build/usb_cam': CMAKE_PREFIX_PATH=${CMAKE_PREFIX_PATH}:/home/yahboom/camera_ws/install/stereo_camera_pkg_py:/opt/ros/humble /usr/bin/cmake --install /home/yahboom/usb/build/usb_cam
[42.136s] -- Install configuration: ""
[42.136s] -- Up-to-date: /home/yahboom/usb/install/usb_cam/share/usb_cam/environment/library_path.sh
[42.136s] -- Up-to-date: /home/yahboom/usb/install/usb_cam/share/usb_cam/environment/library_path.dsv
[42.137s] -- Up-to-date: /home/yahboom/usb/install/usb_cam/lib/usb_cam/usb_cam_node_exe
[42.137s] -- Up-to-date: /home/yahboom/usb/install/usb_cam/lib/usb_cam/show_image.py
[42.137s] -- Up-to-date: /home/yahboom/usb/install/usb_cam/lib/usb_cam/measure_startup_latency.sh
[42.137s] -- Installing: /home/yahboom/usb/install/usb_cam/lib/libusb_cam.so
[42.138s] -- Installing: /home/yahboom/usb/install/usb_cam/lib/libusb_cam_node.so
[42.146s] -- Set runtime path of "/home/yahboom/usb/install/usb_cam/lib/libusb_cam_node.so" to ""
[42.146s] -- Up-to-date: /home/yahboom/usb/install/usb_cam/include
[42.146s] -- Up-to-date: /home/yahboom/usb/install/usb_cam/include/usb_cam
[42.146s] -- Up-to-date: /home/yahboom/usb/install/usb_cam/include/usb_cam/usb_cam.hpp
[42.146s] -- Up-to-date: /home/yahboom/usb/install/usb_cam/include/usb_cam/formats
[42.146s] -- Up-to-date: /home/yahboom/usb/install/usb_cam/include/usb_cam/formats/mjpeg.hpp
[42.146s] -- Up-to-date: /home/yahboom/usb/install/usb_cam/include/usb_cam/formats/pixel_format_base.hpp
[42.146s] -- Up-to-date: /home/yahboom/usb/install/usb_cam/include/usb_cam/formats/m420.hpp
[42.146s] -- Up-to-date: /home/yahboom/usb/install/usb_cam/include/usb_cam/formats/yuyv.hpp
[42.146s] -- Up-to-date: /home/yahboom/usb/install/usb_cam/include/usb_cam/formats/mono.hpp
[42.146s] -- Up-to-date: /home/yahboom/usb/install/usb_cam/include/usb_cam/formats/uyvy.hpp
[42.146s] -- Up-to-date: /home/yahboom/usb/install/usb_cam/include/usb_cam/formats/rgb.hpp
[42.146s] -- Up-to-date: /home/yahboom/usb/install/usb_cam/include/usb_cam/formats/utils.hpp
[42.146s] -- Up-to-date: /home/yahboom/usb/install/usb_cam/include/usb_cam/formats/av_pixel_format_helper.hpp
[42.146s] -- Up-to-date: /home/yahboom/usb/install/usb_cam/include/usb_cam/conversions.hpp
[42.146s] -- Installing: /home/yahboom/usb/install/usb_cam/include/usb_cam/usb_cam_node.hpp
[42.148s] -- Up-to-date: /home/yahboom/usb/install/usb_cam/include/usb_cam/constants.hpp
[42.148s] -- Up-to-date: /home/yahboom/usb/install/usb_cam/include/usb_cam/utils.hpp
[42.148s] -- Up-to-date: /home/yahboom/usb/install/usb_cam/lib/libusb_cam_node.so
[42.148s] -- Up-to-date: /home/yahboom/usb/install/usb_cam/share/usb_cam/launch
[42.148s] -- Up-to-date: /home/yahboom/usb/install/usb_cam/share/usb_cam/launch/__init__.py
[42.148s] -- Up-to-date: /home/yahboom/usb/install/usb_cam/share/usb_cam/launch/camera.launch.py
[42.148s] -- Up-to-date: /home/yahboom/usb/install/usb_cam/share/usb_cam/launch/camera_config.py
[42.148s] -- Up-to-date: /home/yahboom/usb/install/usb_cam/share/usb_cam/config
[42.148s] -- Up-to-date: /home/yahboom/usb/install/usb_cam/share/usb_cam/config/params_1.yaml
[42.148s] -- Up-to-date: /home/yahboom/usb/install/usb_cam/share/usb_cam/config/camera_info.yaml
[42.148s] -- Up-to-date: /home/yahboom/usb/install/usb_cam/share/usb_cam/config/params_2.yaml
[42.149s] -- Up-to-date: /home/yahboom/usb/install/usb_cam/share/ament_index/resource_index/package_run_dependencies/usb_cam
[42.149s] -- Up-to-date: /home/yahboom/usb/install/usb_cam/share/ament_index/resource_index/parent_prefix_path/usb_cam
[42.149s] -- Up-to-date: /home/yahboom/usb/install/usb_cam/share/usb_cam/environment/ament_prefix_path.sh
[42.149s] -- Up-to-date: /home/yahboom/usb/install/usb_cam/share/usb_cam/environment/ament_prefix_path.dsv
[42.149s] -- Up-to-date: /home/yahboom/usb/install/usb_cam/share/usb_cam/environment/path.sh
[42.149s] -- Up-to-date: /home/yahboom/usb/install/usb_cam/share/usb_cam/environment/path.dsv
[42.149s] -- Up-to-date: /home/yahboom/usb/install/usb_cam/share/usb_cam/local_setup.bash
[42.149s] -- Up-to-date: /home/yahboom/usb/install/usb_cam/share/usb_cam/local_setup.sh
[42.149s] -- Up-to-date: /home/yahboom/usb/install/usb_cam/share/usb_cam/local_setup.zsh
[42.149s] -- Up-to-date: /home/yahboom/usb/install/usb_cam/share/usb_cam/local_setup.dsv
[42.149s] -- Installing: /home/yahboom/usb/install/usb_cam/share/usb_cam/package.dsv
[42.149s] -- Up-to-date: /home/yahboom/usb/install/usb_cam/share/ament_index/resource_index/packages/usb_cam
[42.149s] -- Up-to-date: /home/yahboom/usb/install/usb_cam/share/ament_index/resource_index/rclcpp_components/usb_cam
[42.149s] -- Up-to-date: /home/yahboom/usb/install/usb_cam/share/usb_cam/cmake/ament_cmake_export_libraries-extras.cmake
[42.149s] -- Up-to-date: /home/yahboom/usb/install/usb_cam/share/usb_cam/cmake/ament_cmake_export_dependencies-extras.cmake
[42.149s] -- Up-to-date: /home/yahboom/usb/install/usb_cam/share/usb_cam/cmake/ament_cmake_export_include_directories-extras.cmake
[42.149s] -- Up-to-date: /home/yahboom/usb/install/usb_cam/share/usb_cam/cmake/usb_camConfig.cmake
[42.149s] -- Up-to-date: /home/yahboom/usb/install/usb_cam/share/usb_cam/cmake/usb_camConfig-version.cmake
[42.149s] -- Up-to-date: /home/yahboom/usb/install/usb_cam/share/usb_cam/package.xml
[42.151s] Invoked command in '/home/yahboom/usb/build/usb_cam' returned '0': CMAKE_PREFIX_PATH=${CMAKE_PREFIX_PATH}:/home/yahboom/camera_ws/install/stereo_camera_pkg_py:/opt/ros/humble /usr/bin/cmake --install /home/yahboom/usb/build/usb_cam
