[30.014s] Invoking command in '/home/yahboom/usb/build/usb_cam': CMAKE_PREFIX_PATH=${CMAKE_PREFIX_PATH}:/home/yahboom/camera_ws/install/stereo_camera_pkg_py:/opt/ros/humble /usr/bin/cmake --build /home/yahboom/usb/build/usb_cam -- -j6 -l6
[30.080s] [ 28%] Built target usb_cam_node_exe
[30.080s] [ 28%] Built target gtest_main
[30.081s] [ 42%] Built target gtest
[30.083s] [ 50%] Building CXX object CMakeFiles/usb_cam.dir/src/usb_cam.cpp.o
[31.959s] [ 57%] Linking CXX shared library libusb_cam.so
[32.187s] [ 57%] Built target usb_cam
[32.216s] [ 64%] Linking CXX executable test_usb_cam_utils
[32.216s] [ 71%] Linking CXX executable test_pixel_formats
[32.218s] [ 78%] Building CXX object CMakeFiles/usb_cam_node.dir/src/usb_cam_node.cpp.o
[32.523s] [ 85%] Built target test_usb_cam_utils
[32.524s] [ 92%] Built target test_pixel_formats
[41.417s] [100%] Linking CXX shared library libusb_cam_node.so
[41.928s] [100%] Built target usb_cam_node
[41.942s] Invoked command in '/home/yahboom/usb/build/usb_cam' returned '0': CMAKE_PREFIX_PATH=${CMAKE_PREFIX_PATH}:/home/yahboom/camera_ws/install/stereo_camera_pkg_py:/opt/ros/humble /usr/bin/cmake --build /home/yahboom/usb/build/usb_cam -- -j6 -l6
[42.035s] Invoking command in '/home/yahboom/usb/build/usb_cam': CMAKE_PREFIX_PATH=${CMAKE_PREFIX_PATH}:/home/yahboom/camera_ws/install/stereo_camera_pkg_py:/opt/ros/humble /usr/bin/cmake --install /home/yahboom/usb/build/usb_cam
[42.044s] -- Install configuration: ""
[42.044s] -- Up-to-date: /home/yahboom/usb/install/usb_cam/share/usb_cam/environment/library_path.sh
[42.044s] -- Up-to-date: /home/yahboom/usb/install/usb_cam/share/usb_cam/environment/library_path.dsv
[42.044s] -- Up-to-date: /home/yahboom/usb/install/usb_cam/lib/usb_cam/usb_cam_node_exe
[42.044s] -- Up-to-date: /home/yahboom/usb/install/usb_cam/lib/usb_cam/show_image.py
[42.044s] -- Up-to-date: /home/yahboom/usb/install/usb_cam/lib/usb_cam/measure_startup_latency.sh
[42.045s] -- Installing: /home/yahboom/usb/install/usb_cam/lib/libusb_cam.so
[42.048s] -- Installing: /home/yahboom/usb/install/usb_cam/lib/libusb_cam_node.so
[42.059s] -- Set runtime path of "/home/yahboom/usb/install/usb_cam/lib/libusb_cam_node.so" to ""
[42.059s] -- Up-to-date: /home/yahboom/usb/install/usb_cam/include
[42.060s] -- Up-to-date: /home/yahboom/usb/install/usb_cam/include/usb_cam
[42.060s] -- Installing: /home/yahboom/usb/install/usb_cam/include/usb_cam/usb_cam.hpp
[42.060s] -- Up-to-date: /home/yahboom/usb/install/usb_cam/include/usb_cam/formats
[42.060s] -- Up-to-date: /home/yahboom/usb/install/usb_cam/include/usb_cam/formats/mjpeg.hpp
[42.060s] -- Up-to-date: /home/yahboom/usb/install/usb_cam/include/usb_cam/formats/pixel_format_base.hpp
[42.060s] -- Up-to-date: /home/yahboom/usb/install/usb_cam/include/usb_cam/formats/m420.hpp
[42.060s] -- Up-to-date: /home/yahboom/usb/install/usb_cam/include/usb_cam/formats/yuyv.hpp
[42.060s] -- Up-to-date: /home/yahboom/usb/install/usb_cam/include/usb_cam/formats/mono.hpp
[42.060s] -- Up-to-date: /home/yahboom/usb/install/usb_cam/include/usb_cam/formats/uyvy.hpp
[42.060s] -- Up-to-date: /home/yahboom/usb/install/usb_cam/include/usb_cam/formats/rgb.hpp
[42.061s] -- Up-to-date: /home/yahboom/usb/install/usb_cam/include/usb_cam/formats/utils.hpp
[42.061s] -- Up-to-date: /home/yahboom/usb/install/usb_cam/include/usb_cam/formats/av_pixel_format_helper.hpp
[42.061s] -- Up-to-date: /home/yahboom/usb/install/usb_cam/include/usb_cam/conversions.hpp
[42.061s] -- Up-to-date: /home/yahboom/usb/install/usb_cam/include/usb_cam/usb_cam_node.hpp
[42.061s] -- Up-to-date: /home/yahboom/usb/install/usb_cam/include/usb_cam/constants.hpp
[42.061s] -- Up-to-date: /home/yahboom/usb/install/usb_cam/include/usb_cam/utils.hpp
[42.061s] -- Up-to-date: /home/yahboom/usb/install/usb_cam/lib/libusb_cam_node.so
[42.061s] -- Up-to-date: /home/yahboom/usb/install/usb_cam/share/usb_cam/launch
[42.061s] -- Up-to-date: /home/yahboom/usb/install/usb_cam/share/usb_cam/launch/__init__.py
[42.061s] -- Up-to-date: /home/yahboom/usb/install/usb_cam/share/usb_cam/launch/camera.launch.py
[42.061s] -- Up-to-date: /home/yahboom/usb/install/usb_cam/share/usb_cam/launch/camera_config.py
[42.061s] -- Up-to-date: /home/yahboom/usb/install/usb_cam/share/usb_cam/config
[42.061s] -- Up-to-date: /home/yahboom/usb/install/usb_cam/share/usb_cam/config/params_1.yaml
[42.061s] -- Up-to-date: /home/yahboom/usb/install/usb_cam/share/usb_cam/config/camera_info.yaml
[42.062s] -- Up-to-date: /home/yahboom/usb/install/usb_cam/share/usb_cam/config/params_2.yaml
[42.062s] -- Up-to-date: /home/yahboom/usb/install/usb_cam/share/ament_index/resource_index/package_run_dependencies/usb_cam
[42.062s] -- Up-to-date: /home/yahboom/usb/install/usb_cam/share/ament_index/resource_index/parent_prefix_path/usb_cam
[42.062s] -- Up-to-date: /home/yahboom/usb/install/usb_cam/share/usb_cam/environment/ament_prefix_path.sh
[42.062s] -- Up-to-date: /home/yahboom/usb/install/usb_cam/share/usb_cam/environment/ament_prefix_path.dsv
[42.062s] -- Up-to-date: /home/yahboom/usb/install/usb_cam/share/usb_cam/environment/path.sh
[42.062s] -- Up-to-date: /home/yahboom/usb/install/usb_cam/share/usb_cam/environment/path.dsv
[42.062s] -- Up-to-date: /home/yahboom/usb/install/usb_cam/share/usb_cam/local_setup.bash
[42.062s] -- Up-to-date: /home/yahboom/usb/install/usb_cam/share/usb_cam/local_setup.sh
[42.062s] -- Up-to-date: /home/yahboom/usb/install/usb_cam/share/usb_cam/local_setup.zsh
[42.062s] -- Up-to-date: /home/yahboom/usb/install/usb_cam/share/usb_cam/local_setup.dsv
[42.062s] -- Installing: /home/yahboom/usb/install/usb_cam/share/usb_cam/package.dsv
[42.062s] -- Up-to-date: /home/yahboom/usb/install/usb_cam/share/ament_index/resource_index/packages/usb_cam
[42.062s] -- Up-to-date: /home/yahboom/usb/install/usb_cam/share/ament_index/resource_index/rclcpp_components/usb_cam
[42.062s] -- Up-to-date: /home/yahboom/usb/install/usb_cam/share/usb_cam/cmake/ament_cmake_export_libraries-extras.cmake
[42.062s] -- Up-to-date: /home/yahboom/usb/install/usb_cam/share/usb_cam/cmake/ament_cmake_export_dependencies-extras.cmake
[42.062s] -- Up-to-date: /home/yahboom/usb/install/usb_cam/share/usb_cam/cmake/ament_cmake_export_include_directories-extras.cmake
[42.062s] -- Up-to-date: /home/yahboom/usb/install/usb_cam/share/usb_cam/cmake/usb_camConfig.cmake
[42.062s] -- Up-to-date: /home/yahboom/usb/install/usb_cam/share/usb_cam/cmake/usb_camConfig-version.cmake
[42.062s] -- Up-to-date: /home/yahboom/usb/install/usb_cam/share/usb_cam/package.xml
[60.020s] Invoked command in '/home/yahboom/usb/build/usb_cam' returned '0': CMAKE_PREFIX_PATH=${CMAKE_PREFIX_PATH}:/home/yahboom/camera_ws/install/stereo_camera_pkg_py:/opt/ros/humble /usr/bin/cmake --install /home/yahboom/usb/build/usb_cam
