[0.097s] Invoking command in '/home/yahboom/usb/build/usb_cam': CMAKE_PREFIX_PATH=${CMAKE_PREFIX_PATH}:/home/yahboom/ros2_ws/install/camera:/home/yahboom/camera_ws/install/stereo_camera_pkg_py:/opt/ros/humble /usr/bin/cmake --build /home/yahboom/usb/build/usb_cam -- -j6 -l6
[0.158s] [35m[1mConsolidate compiler generated dependencies of target usb_cam[0m
[0.171s] [ 14%] Built target gtest
[0.172s] [ 42%] Built target gtest_main
[0.172s] [ 42%] Built target usb_cam_node_exe
[0.180s] [ 50%] [32mBuilding CXX object CMakeFiles/usb_cam.dir/src/usb_cam.cpp.o[0m
[1.746s] [ 57%] [32m[1mLinking CXX shared library libusb_cam.so[0m
[1.935s] [ 57%] Built target usb_cam
[1.950s] [35m[1mConsolidate compiler generated dependencies of target usb_cam_node[0m
[1.967s] [ 71%] [32m[1mLinking CXX executable test_pixel_formats[0m
[1.968s] [ 71%] [32m[1mLinking CXX executable test_usb_cam_utils[0m
[1.982s] [ 78%] [32m[1mLinking CXX shared library libusb_cam_node.so[0m
[2.331s] [ 85%] Built target test_usb_cam_utils
[2.334s] [ 92%] Built target test_pixel_formats
[2.522s] [100%] Built target usb_cam_node
[2.537s] Invoked command in '/home/yahboom/usb/build/usb_cam' returned '0': CMAKE_PREFIX_PATH=${CMAKE_PREFIX_PATH}:/home/yahboom/ros2_ws/install/camera:/home/yahboom/camera_ws/install/stereo_camera_pkg_py:/opt/ros/humble /usr/bin/cmake --build /home/yahboom/usb/build/usb_cam -- -j6 -l6
[2.623s] Invoking command in '/home/yahboom/usb/build/usb_cam': CMAKE_PREFIX_PATH=${CMAKE_PREFIX_PATH}:/home/yahboom/ros2_ws/install/camera:/home/yahboom/camera_ws/install/stereo_camera_pkg_py:/opt/ros/humble /usr/bin/cmake --install /home/yahboom/usb/build/usb_cam
[2.631s] -- Install configuration: ""
[2.631s] -- Up-to-date: /home/yahboom/usb/install/usb_cam/share/usb_cam/environment/library_path.sh
[2.631s] -- Up-to-date: /home/yahboom/usb/install/usb_cam/share/usb_cam/environment/library_path.dsv
[2.632s] -- Up-to-date: /home/yahboom/usb/install/usb_cam/lib/usb_cam/usb_cam_node_exe
[2.632s] -- Up-to-date: /home/yahboom/usb/install/usb_cam/lib/usb_cam/show_image.py
[2.632s] -- Up-to-date: /home/yahboom/usb/install/usb_cam/lib/usb_cam/measure_startup_latency.sh
[2.632s] -- Installing: /home/yahboom/usb/install/usb_cam/lib/libusb_cam.so
[2.634s] -- Installing: /home/yahboom/usb/install/usb_cam/lib/libusb_cam_node.so
[2.642s] -- Set runtime path of "/home/yahboom/usb/install/usb_cam/lib/libusb_cam_node.so" to ""
[2.642s] -- Up-to-date: /home/yahboom/usb/install/usb_cam/include
[2.642s] -- Up-to-date: /home/yahboom/usb/install/usb_cam/include/usb_cam
[2.643s] -- Up-to-date: /home/yahboom/usb/install/usb_cam/include/usb_cam/usb_cam.hpp
[2.643s] -- Up-to-date: /home/yahboom/usb/install/usb_cam/include/usb_cam/formats
[2.643s] -- Up-to-date: /home/yahboom/usb/install/usb_cam/include/usb_cam/formats/mjpeg.hpp
[2.643s] -- Up-to-date: /home/yahboom/usb/install/usb_cam/include/usb_cam/formats/pixel_format_base.hpp
[2.643s] -- Up-to-date: /home/yahboom/usb/install/usb_cam/include/usb_cam/formats/m420.hpp
[2.643s] -- Up-to-date: /home/yahboom/usb/install/usb_cam/include/usb_cam/formats/yuyv.hpp
[2.643s] -- Up-to-date: /home/yahboom/usb/install/usb_cam/include/usb_cam/formats/mono.hpp
[2.643s] -- Up-to-date: /home/yahboom/usb/install/usb_cam/include/usb_cam/formats/uyvy.hpp
[2.643s] -- Up-to-date: /home/yahboom/usb/install/usb_cam/include/usb_cam/formats/rgb.hpp
[2.643s] -- Up-to-date: /home/yahboom/usb/install/usb_cam/include/usb_cam/formats/utils.hpp
[2.643s] -- Up-to-date: /home/yahboom/usb/install/usb_cam/include/usb_cam/formats/av_pixel_format_helper.hpp
[2.643s] -- Up-to-date: /home/yahboom/usb/install/usb_cam/include/usb_cam/conversions.hpp
[2.643s] -- Up-to-date: /home/yahboom/usb/install/usb_cam/include/usb_cam/usb_cam_node.hpp
[2.643s] -- Up-to-date: /home/yahboom/usb/install/usb_cam/include/usb_cam/constants.hpp
[2.643s] -- Up-to-date: /home/yahboom/usb/install/usb_cam/include/usb_cam/utils.hpp
[2.643s] -- Up-to-date: /home/yahboom/usb/install/usb_cam/lib/libusb_cam_node.so
[2.643s] -- Up-to-date: /home/yahboom/usb/install/usb_cam/share/usb_cam/launch
[2.643s] -- Up-to-date: /home/yahboom/usb/install/usb_cam/share/usb_cam/launch/__init__.py
[2.644s] -- Up-to-date: /home/yahboom/usb/install/usb_cam/share/usb_cam/launch/camera.launch.py
[2.644s] -- Up-to-date: /home/yahboom/usb/install/usb_cam/share/usb_cam/launch/camera_config.py
[2.644s] -- Up-to-date: /home/yahboom/usb/install/usb_cam/share/usb_cam/config
[2.644s] -- Up-to-date: /home/yahboom/usb/install/usb_cam/share/usb_cam/config/params_1.yaml
[2.644s] -- Up-to-date: /home/yahboom/usb/install/usb_cam/share/usb_cam/config/camera_info.yaml
[2.644s] -- Up-to-date: /home/yahboom/usb/install/usb_cam/share/usb_cam/config/params_2.yaml
[2.644s] -- Up-to-date: /home/yahboom/usb/install/usb_cam/share/ament_index/resource_index/package_run_dependencies/usb_cam
[2.644s] -- Up-to-date: /home/yahboom/usb/install/usb_cam/share/ament_index/resource_index/parent_prefix_path/usb_cam
[2.644s] -- Up-to-date: /home/yahboom/usb/install/usb_cam/share/usb_cam/environment/ament_prefix_path.sh
[2.644s] -- Up-to-date: /home/yahboom/usb/install/usb_cam/share/usb_cam/environment/ament_prefix_path.dsv
[2.644s] -- Up-to-date: /home/yahboom/usb/install/usb_cam/share/usb_cam/environment/path.sh
[2.644s] -- Up-to-date: /home/yahboom/usb/install/usb_cam/share/usb_cam/environment/path.dsv
[2.644s] -- Up-to-date: /home/yahboom/usb/install/usb_cam/share/usb_cam/local_setup.bash
[2.645s] -- Up-to-date: /home/yahboom/usb/install/usb_cam/share/usb_cam/local_setup.sh
[2.645s] -- Up-to-date: /home/yahboom/usb/install/usb_cam/share/usb_cam/local_setup.zsh
[2.645s] -- Up-to-date: /home/yahboom/usb/install/usb_cam/share/usb_cam/local_setup.dsv
[2.645s] -- Installing: /home/yahboom/usb/install/usb_cam/share/usb_cam/package.dsv
[2.645s] -- Up-to-date: /home/yahboom/usb/install/usb_cam/share/ament_index/resource_index/packages/usb_cam
[2.645s] -- Up-to-date: /home/yahboom/usb/install/usb_cam/share/ament_index/resource_index/rclcpp_components/usb_cam
[2.645s] -- Up-to-date: /home/yahboom/usb/install/usb_cam/share/usb_cam/cmake/ament_cmake_export_libraries-extras.cmake
[2.645s] -- Up-to-date: /home/yahboom/usb/install/usb_cam/share/usb_cam/cmake/ament_cmake_export_dependencies-extras.cmake
[2.645s] -- Up-to-date: /home/yahboom/usb/install/usb_cam/share/usb_cam/cmake/ament_cmake_export_include_directories-extras.cmake
[2.645s] -- Up-to-date: /home/yahboom/usb/install/usb_cam/share/usb_cam/cmake/usb_camConfig.cmake
[2.645s] -- Up-to-date: /home/yahboom/usb/install/usb_cam/share/usb_cam/cmake/usb_camConfig-version.cmake
[2.645s] -- Up-to-date: /home/yahboom/usb/install/usb_cam/share/usb_cam/package.xml
[2.648s] Invoked command in '/home/yahboom/usb/build/usb_cam' returned '0': CMAKE_PREFIX_PATH=${CMAKE_PREFIX_PATH}:/home/yahboom/ros2_ws/install/camera:/home/yahboom/camera_ws/install/stereo_camera_pkg_py:/opt/ros/humble /usr/bin/cmake --install /home/yahboom/usb/build/usb_cam
